<?xml version="1.0" encoding="UTF-8"?>
<testsuite xmlns:xsi="http://www.w3.org/2001/XMLSchema-instance" xsi:noNamespaceSchemaLocation="https://maven.apache.org/surefire/maven-surefire-plugin/xsd/surefire-test-report.xsd" name="runner.TestRunner" time="36.234" tests="1" errors="0" skipped="0" failures="0">
  <properties>
    <property name="sun.desktop" value="gnome"/>
    <property name="awt.toolkit" value="sun.awt.X11.XToolkit"/>
    <property name="java.specification.version" value="11"/>
    <property name="sun.cpu.isalist" value=""/>
    <property name="sun.jnu.encoding" value="UTF-8"/>
    <property name="java.class.path" value="/home/sivaraju/Desktop/test_automation/target/test-classes:/home/sivaraju/Desktop/test_automation/target/classes:/home/sivaraju/.m2/repository/com/intuit/karate/karate-core/1.4.0/karate-core-1.4.0.jar:/home/sivaraju/.m2/repository/org/graalvm/js/js-scriptengine/22.3.0/js-scriptengine-22.3.0.jar:/home/sivaraju/.m2/repository/org/graalvm/sdk/graal-sdk/22.3.0/graal-sdk-22.3.0.jar:/home/sivaraju/.m2/repository/org/graalvm/js/js/22.3.0/js-22.3.0.jar:/home/sivaraju/.m2/repository/org/graalvm/regex/regex/22.3.0/regex-22.3.0.jar:/home/sivaraju/.m2/repository/org/graalvm/truffle/truffle-api/22.3.0/truffle-api-22.3.0.jar:/home/sivaraju/.m2/repository/com/ibm/icu/icu4j/71.1/icu4j-71.1.jar:/home/sivaraju/.m2/repository/org/thymeleaf/thymeleaf/3.0.14.RELEASE/thymeleaf-3.0.14.RELEASE.jar:/home/sivaraju/.m2/repository/ognl/ognl/3.1.26/ognl-3.1.26.jar:/home/sivaraju/.m2/repository/org/javassist/javassist/3.20.0-GA/javassist-3.20.0-GA.jar:/home/sivaraju/.m2/repository/org/attoparser/attoparser/2.0.5.RELEASE/attoparser-2.0.5.RELEASE.jar:/home/sivaraju/.m2/repository/org/unbescape/unbescape/1.1.6.RELEASE/unbescape-1.1.6.RELEASE.jar:/home/sivaraju/.m2/repository/com/linecorp/armeria/armeria/1.22.0/armeria-1.22.0.jar:/home/sivaraju/.m2/repository/com/fasterxml/jackson/core/jackson-core/2.14.2/jackson-core-2.14.2.jar:/home/sivaraju/.m2/repository/com/fasterxml/jackson/core/jackson-annotations/2.14.2/jackson-annotations-2.14.2.jar:/home/sivaraju/.m2/repository/com/fasterxml/jackson/datatype/jackson-datatype-jdk8/2.14.2/jackson-datatype-jdk8-2.14.2.jar:/home/sivaraju/.m2/repository/io/micrometer/micrometer-core/1.10.3/micrometer-core-1.10.3.jar:/home/sivaraju/.m2/repository/io/micrometer/micrometer-commons/1.10.3/micrometer-commons-1.10.3.jar:/home/sivaraju/.m2/repository/io/micrometer/micrometer-observation/1.10.3/micrometer-observation-1.10.3.jar:/home/sivaraju/.m2/repository/org/hdrhistogram/HdrHistogram/2.1.12/HdrHistogram-2.1.12.jar:/home/sivaraju/.m2/repository/org/latencyutils/LatencyUtils/2.0.3/LatencyUtils-2.0.3.jar:/home/sivaraju/.m2/repository/io/netty/netty-transport/4.1.87.Final/netty-transport-4.1.87.Final.jar:/home/sivaraju/.m2/repository/io/netty/netty-common/4.1.87.Final/netty-common-4.1.87.Final.jar:/home/sivaraju/.m2/repository/io/netty/netty-buffer/4.1.87.Final/netty-buffer-4.1.87.Final.jar:/home/sivaraju/.m2/repository/io/netty/netty-resolver/4.1.87.Final/netty-resolver-4.1.87.Final.jar:/home/sivaraju/.m2/repository/io/netty/netty-codec-haproxy/4.1.87.Final/netty-codec-haproxy-4.1.87.Final.jar:/home/sivaraju/.m2/repository/io/netty/netty-codec/4.1.87.Final/netty-codec-4.1.87.Final.jar:/home/sivaraju/.m2/repository/io/netty/netty-codec-http2/4.1.87.Final/netty-codec-http2-4.1.87.Final.jar:/home/sivaraju/.m2/repository/io/netty/netty-handler/4.1.87.Final/netty-handler-4.1.87.Final.jar:/home/sivaraju/.m2/repository/io/netty/netty-codec-http/4.1.87.Final/netty-codec-http-4.1.87.Final.jar:/home/sivaraju/.m2/repository/io/netty/netty-resolver-dns/4.1.87.Final/netty-resolver-dns-4.1.87.Final.jar:/home/sivaraju/.m2/repository/io/netty/netty-codec-dns/4.1.87.Final/netty-codec-dns-4.1.87.Final.jar:/home/sivaraju/.m2/repository/org/reactivestreams/reactive-streams/1.0.4/reactive-streams-1.0.4.jar:/home/sivaraju/.m2/repository/io/netty/netty-transport-native-unix-common/4.1.87.Final/netty-transport-native-unix-common-4.1.87.Final-linux-x86_64.jar:/home/sivaraju/.m2/repository/io/netty/netty-transport-native-epoll/4.1.87.Final/netty-transport-native-epoll-4.1.87.Final-linux-x86_64.jar:/home/sivaraju/.m2/repository/io/netty/netty-transport-native-unix-common/4.1.87.Final/netty-transport-native-unix-common-4.1.87.Final.jar:/home/sivaraju/.m2/repository/io/netty/netty-transport-classes-epoll/4.1.87.Final/netty-transport-classes-epoll-4.1.87.Final.jar:/home/sivaraju/.m2/repository/io/netty/netty-resolver-dns-native-macos/4.1.87.Final/netty-resolver-dns-native-macos-4.1.87.Final-osx-x86_64.jar:/home/sivaraju/.m2/repository/io/netty/netty-resolver-dns-classes-macos/4.1.87.Final/netty-resolver-dns-classes-macos-4.1.87.Final.jar:/home/sivaraju/.m2/repository/io/netty/netty-resolver-dns-native-macos/4.1.87.Final/netty-resolver-dns-native-macos-4.1.87.Final-osx-aarch_64.jar:/home/sivaraju/.m2/repository/io/netty/netty-tcnative-boringssl-static/2.0.56.Final/netty-tcnative-boringssl-static-2.0.56.Final-linux-x86_64.jar:/home/sivaraju/.m2/repository/io/netty/netty-tcnative-classes/2.0.56.Final/netty-tcnative-classes-2.0.56.Final.jar:/home/sivaraju/.m2/repository/io/netty/netty-tcnative-boringssl-static/2.0.56.Final/netty-tcnative-boringssl-static-2.0.56.Final-linux-aarch_64.jar:/home/sivaraju/.m2/repository/io/netty/netty-tcnative-boringssl-static/2.0.56.Final/netty-tcnative-boringssl-static-2.0.56.Final-osx-x86_64.jar:/home/sivaraju/.m2/repository/io/netty/netty-tcnative-boringssl-static/2.0.56.Final/netty-tcnative-boringssl-static-2.0.56.Final-osx-aarch_64.jar:/home/sivaraju/.m2/repository/io/netty/netty-tcnative-boringssl-static/2.0.56.Final/netty-tcnative-boringssl-static-2.0.56.Final-windows-x86_64.jar:/home/sivaraju/.m2/repository/io/netty/netty-handler-proxy/4.1.87.Final/netty-handler-proxy-4.1.87.Final.jar:/home/sivaraju/.m2/repository/io/netty/netty-codec-socks/4.1.87.Final/netty-codec-socks-4.1.87.Final.jar:/home/sivaraju/.m2/repository/com/aayushatharva/brotli4j/brotli4j/1.9.0/brotli4j-1.9.0.jar:/home/sivaraju/.m2/repository/ch/qos/logback/logback-classic/1.2.9/logback-classic-1.2.9.jar:/home/sivaraju/.m2/repository/ch/qos/logback/logback-core/1.2.9/logback-core-1.2.9.jar:/home/sivaraju/.m2/repository/org/slf4j/jcl-over-slf4j/1.7.32/jcl-over-slf4j-1.7.32.jar:/home/sivaraju/.m2/repository/org/antlr/antlr4-runtime/4.11.1/antlr4-runtime-4.11.1.jar:/home/sivaraju/.m2/repository/com/jayway/jsonpath/json-path/2.8.0/json-path-2.8.0.jar:/home/sivaraju/.m2/repository/net/minidev/json-smart/2.4.10/json-smart-2.4.10.jar:/home/sivaraju/.m2/repository/net/minidev/accessors-smart/2.4.9/accessors-smart-2.4.9.jar:/home/sivaraju/.m2/repository/org/ow2/asm/asm/9.3/asm-9.3.jar:/home/sivaraju/.m2/repository/org/yaml/snakeyaml/2.0/snakeyaml-2.0.jar:/home/sivaraju/.m2/repository/de/siegmar/fastcsv/2.2.1/fastcsv-2.2.1.jar:/home/sivaraju/.m2/repository/info/picocli/picocli/4.7.1/picocli-4.7.1.jar:/home/sivaraju/.m2/repository/io/github/classgraph/classgraph/4.8.152/classgraph-4.8.152.jar:/home/sivaraju/.m2/repository/io/github/t12y/resemble/1.0.2/resemble-1.0.2.jar:/home/sivaraju/.m2/repository/io/github/t12y/ssim/1.0.0/ssim-1.0.0.jar:/home/sivaraju/.m2/repository/com/intuit/karate/karate-junit5/1.4.0/karate-junit5-1.4.0.jar:/home/sivaraju/.m2/repository/org/junit/jupiter/junit-jupiter-api/5.9.1/junit-jupiter-api-5.9.1.jar:/home/sivaraju/.m2/repository/org/opentest4j/opentest4j/1.2.0/opentest4j-1.2.0.jar:/home/sivaraju/.m2/repository/org/junit/platform/junit-platform-commons/1.9.1/junit-platform-commons-1.9.1.jar:/home/sivaraju/.m2/repository/org/apiguardian/apiguardian-api/1.1.2/apiguardian-api-1.1.2.jar:/home/sivaraju/.m2/repository/org/junit/jupiter/junit-jupiter-engine/5.9.1/junit-jupiter-engine-5.9.1.jar:/home/sivaraju/.m2/repository/org/junit/platform/junit-platform-engine/1.9.1/junit-platform-engine-1.9.1.jar:/home/sivaraju/.m2/repository/com/intuit/karate/karate-gatling/1.4.0/karate-gatling-1.4.0.jar:/home/sivaraju/.m2/repository/io/gatling/highcharts/gatling-charts-highcharts/3.7.4/gatling-charts-highcharts-3.7.4.jar:/home/sivaraju/.m2/repository/io/gatling/gatling-app/3.7.4/gatling-app-3.7.4.jar:/home/sivaraju/.m2/repository/io/gatling/gatling-core/3.7.4/gatling-core-3.7.4.jar:/home/sivaraju/.m2/repository/io/gatling/gatling-commons/3.7.4/gatling-commons-3.7.4.jar:/home/sivaraju/.m2/repository/io/gatling/gatling-commons-shared/3.7.4/gatling-commons-shared-3.7.4.jar:/home/sivaraju/.m2/repository/org/scala-lang/scala-reflect/2.13.8/scala-reflect-2.13.8.jar:/home/sivaraju/.m2/repository/io/suzaku/boopickle_2.13/1.3.3/boopickle_2.13-1.3.3.jar:/home/sivaraju/.m2/repository/io/gatling/gatling-commons-shared-unstable/3.7.4/gatling-commons-shared-unstable-3.7.4.jar:/home/sivaraju/.m2/repository/org/typelevel/spire-macros_2.13/0.17.0/spire-macros_2.13-0.17.0.jar:/home/sivaraju/.m2/repository/com/typesafe/scala-logging/scala-logging_2.13/3.9.4/scala-logging_2.13-3.9.4.jar:/home/sivaraju/.m2/repository/io/gatling/gatling-jsonpath/3.7.4/gatling-jsonpath-3.7.4.jar:/home/sivaraju/.m2/repository/com/typesafe/akka/akka-slf4j_2.13/2.6.18/akka-slf4j_2.13-2.6.18.jar:/home/sivaraju/.m2/repository/org/simpleflatmapper/lightning-csv/8.2.3/lightning-csv-8.2.3.jar:/home/sivaraju/.m2/repository/org/simpleflatmapper/sfm-util/8.2.3/sfm-util-8.2.3.jar:/home/sivaraju/.m2/repository/com/github/ben-manes/caffeine/caffeine/2.9.3/caffeine-2.9.3.jar:/home/sivaraju/.m2/repository/org/checkerframework/checker-qual/3.19.0/checker-qual-3.19.0.jar:/home/sivaraju/.m2/repository/com/google/errorprone/error_prone_annotations/2.10.0/error_prone_annotations-2.10.0.jar:/home/sivaraju/.m2/repository/io/pebbletemplates/pebble/3.1.5/pebble-3.1.5.jar:/home/sivaraju/.m2/repository/org/scala-lang/modules/scala-parser-combinators_2.13/2.1.0/scala-parser-combinators_2.13-2.1.0.jar:/home/sivaraju/.m2/repository/com/github/scopt/scopt_2.13/3.7.1/scopt_2.13-3.7.1.jar:/home/sivaraju/.m2/repository/com/softwaremill/quicklens/quicklens_2.13/1.8.2/quicklens_2.13-1.8.2.jar:/home/sivaraju/.m2/repository/net/sf/saxon/Saxon-HE/10.6/Saxon-HE-10.6.jar:/home/sivaraju/.m2/repository/org/jodd/jodd-lagarto/6.0.5/jodd-lagarto-6.0.5.jar:/home/sivaraju/.m2/repository/org/jodd/jodd-util/6.0.1/jodd-util-6.0.1.jar:/home/sivaraju/.m2/repository/io/burt/jmespath-jackson/0.5.1/jmespath-jackson-0.5.1.jar:/home/sivaraju/.m2/repository/io/burt/jmespath-core/0.5.1/jmespath-core-0.5.1.jar:/home/sivaraju/.m2/repository/io/gatling/gatling-core-java/3.7.4/gatling-core-java-3.7.4.jar:/home/sivaraju/.m2/repository/net/jodah/typetools/0.6.3/typetools-0.6.3.jar:/home/sivaraju/.m2/repository/io/gatling/gatling-http/3.7.4/gatling-http-3.7.4.jar:/home/sivaraju/.m2/repository/io/gatling/gatling-http-client/3.7.4/gatling-http-client-3.7.4.jar:/home/sivaraju/.m2/repository/io/netty/netty-tcnative-boringssl-static/2.0.47.Final/netty-tcnative-boringssl-static-2.0.47.Final.jar:/home/sivaraju/.m2/repository/com/aayushatharva/brotli4j/native-linux-x86_64/1.6.0/native-linux-x86_64-1.6.0.jar:/home/sivaraju/.m2/repository/com/aayushatharva/brotli4j/native-linux-aarch64/1.6.0/native-linux-aarch64-1.6.0.jar:/home/sivaraju/.m2/repository/com/aayushatharva/brotli4j/native-osx-x86_64/1.6.0/native-osx-x86_64-1.6.0.jar:/home/sivaraju/.m2/repository/com/aayushatharva/brotli4j/native-windows-x86_64/1.6.0/native-windows-x86_64-1.6.0.jar:/home/sivaraju/.m2/repository/io/gatling/gatling-http-java/3.7.4/gatling-http-java-3.7.4.jar:/home/sivaraju/.m2/repository/io/gatling/gatling-jms/3.7.4/gatling-jms-3.7.4.jar:/home/sivaraju/.m2/repository/javax/jms/javax.jms-api/2.0.1/javax.jms-api-2.0.1.jar:/home/sivaraju/.m2/repository/com/eatthepath/fast-uuid/0.2.0/fast-uuid-0.2.0.jar:/home/sivaraju/.m2/repository/io/gatling/gatling-jms-java/3.7.4/gatling-jms-java-3.7.4.jar:/home/sivaraju/.m2/repository/io/gatling/gatling-mqtt/3.7.4/gatling-mqtt-3.7.4.jar:/home/sivaraju/.m2/repository/io/gatling/gatling-netty-util/3.7.4/gatling-netty-util-3.7.4.jar:/home/sivaraju/.m2/repository/io/netty/netty-codec-mqtt/4.1.73.Final/netty-codec-mqtt-4.1.73.Final.jar:/home/sivaraju/.m2/repository/io/netty/netty-transport-native-epoll/4.1.73.Final/netty-transport-native-epoll-4.1.73.Final-linux-aarch_64.jar:/home/sivaraju/.m2/repository/io/gatling/gatling-mqtt-java/3.7.4/gatling-mqtt-java-3.7.4.jar:/home/sivaraju/.m2/repository/io/gatling/gatling-jdbc/3.7.4/gatling-jdbc-3.7.4.jar:/home/sivaraju/.m2/repository/io/gatling/gatling-jdbc-java/3.7.4/gatling-jdbc-java-3.7.4.jar:/home/sivaraju/.m2/repository/io/gatling/gatling-redis/3.7.4/gatling-redis-3.7.4.jar:/home/sivaraju/.m2/repository/net/debasishg/redisclient_2.13/3.42/redisclient_2.13-3.42.jar:/home/sivaraju/.m2/repository/org/apache/commons/commons-pool2/2.8.0/commons-pool2-2.8.0.jar:/home/sivaraju/.m2/repository/io/gatling/gatling-redis-java/3.7.4/gatling-redis-java-3.7.4.jar:/home/sivaraju/.m2/repository/io/gatling/gatling-graphite/3.7.4/gatling-graphite-3.7.4.jar:/home/sivaraju/.m2/repository/io/gatling/gatling-charts/3.7.4/gatling-charts-3.7.4.jar:/home/sivaraju/.m2/repository/com/tdunning/t-digest/3.1/t-digest-3.1.jar:/home/sivaraju/.m2/repository/io/gatling/gatling-recorder/3.7.4/gatling-recorder-3.7.4.jar:/home/sivaraju/.m2/repository/org/scala-lang/modules/scala-swing_2.13/3.0.0/scala-swing_2.13-3.0.0.jar:/home/sivaraju/.m2/repository/org/bouncycastle/bcpkix-jdk15on/1.70/bcpkix-jdk15on-1.70.jar:/home/sivaraju/.m2/repository/org/bouncycastle/bcprov-jdk15on/1.70/bcprov-jdk15on-1.70.jar:/home/sivaraju/.m2/repository/org/bouncycastle/bcutil-jdk15on/1.70/bcutil-jdk15on-1.70.jar:/home/sivaraju/.m2/repository/com/typesafe/akka/akka-actor_2.13/2.6.18/akka-actor_2.13-2.6.18.jar:/home/sivaraju/.m2/repository/org/scala-lang/modules/scala-java8-compat_2.13/1.0.0/scala-java8-compat_2.13-1.0.0.jar:/home/sivaraju/.m2/repository/org/scala-lang/scala-library/2.13.9/scala-library-2.13.9.jar:/home/sivaraju/.m2/repository/com/intuit/karate/karate-apache/0.9.6/karate-apache-0.9.6.jar:/home/sivaraju/.m2/repository/org/apache/httpcomponents/httpmime/4.5.12/httpmime-4.5.12.jar:/home/sivaraju/.m2/repository/info/cukes/cucumber-junit/1.2.5/cucumber-junit-1.2.5.jar:/home/sivaraju/.m2/repository/info/cukes/cucumber-core/1.2.5/cucumber-core-1.2.5.jar:/home/sivaraju/.m2/repository/info/cukes/cucumber-html/0.2.3/cucumber-html-0.2.3.jar:/home/sivaraju/.m2/repository/info/cukes/cucumber-jvm-deps/1.0.5/cucumber-jvm-deps-1.0.5.jar:/home/sivaraju/.m2/repository/info/cukes/gherkin/2.12.2/gherkin-2.12.2.jar:/home/sivaraju/.m2/repository/junit/junit/4.12/junit-4.12.jar:/home/sivaraju/.m2/repository/org/hamcrest/hamcrest-core/1.3/hamcrest-core-1.3.jar:/home/sivaraju/.m2/repository/org/testng/testng/7.4.0/testng-7.4.0.jar:/home/sivaraju/.m2/repository/com/beust/jcommander/1.78/jcommander-1.78.jar:/home/sivaraju/.m2/repository/org/webjars/jquery/3.5.1/jquery-3.5.1.jar:/home/sivaraju/.m2/repository/com/google/guava/guava/11.0.2/guava-11.0.2.jar:/home/sivaraju/.m2/repository/com/google/code/findbugs/jsr305/1.3.9/jsr305-1.3.9.jar:/home/sivaraju/.m2/repository/com/intuit/karate/karate-robot/1.4.0/karate-robot-1.4.0.jar:/home/sivaraju/.m2/repository/net/java/dev/jna/jna-platform/5.5.0/jna-platform-5.5.0.jar:/home/sivaraju/.m2/repository/net/java/dev/jna/jna/5.5.0/jna-5.5.0.jar:/home/sivaraju/.m2/repository/org/bytedeco/javacv/1.5.3/javacv-1.5.3.jar:/home/sivaraju/.m2/repository/org/bytedeco/javacpp/1.5.3/javacpp-1.5.3.jar:/home/sivaraju/.m2/repository/org/bytedeco/openblas/0.3.9-1.5.3/openblas-0.3.9-1.5.3.jar:/home/sivaraju/.m2/repository/org/bytedeco/opencv/4.3.0-1.5.3/opencv-4.3.0-1.5.3.jar:/home/sivaraju/.m2/repository/org/bytedeco/ffmpeg/4.2.2-1.5.3/ffmpeg-4.2.2-1.5.3.jar:/home/sivaraju/.m2/repository/org/bytedeco/leptonica/1.79.0-1.5.3/leptonica-1.79.0-1.5.3.jar:/home/sivaraju/.m2/repository/org/bytedeco/tesseract/4.1.1-1.5.3/tesseract-4.1.1-1.5.3.jar:/home/sivaraju/.m2/repository/org/openjfx/javafx-graphics/11/javafx-graphics-11.jar:/home/sivaraju/.m2/repository/org/openjfx/javafx-graphics/11/javafx-graphics-11-linux.jar:/home/sivaraju/.m2/repository/org/openjfx/javafx-base/11/javafx-base-11.jar:/home/sivaraju/.m2/repository/org/openjfx/javafx-base/11/javafx-base-11-linux.jar:/home/sivaraju/.m2/repository/org/bytedeco/opencv-platform/4.3.0-1.5.3/opencv-platform-4.3.0-1.5.3.jar:/home/sivaraju/.m2/repository/org/bytedeco/openblas-platform/0.3.9-1.5.3/openblas-platform-0.3.9-1.5.3.jar:/home/sivaraju/.m2/repository/org/bytedeco/openblas/0.3.9-1.5.3/openblas-0.3.9-1.5.3-android-arm.jar:/home/sivaraju/.m2/repository/org/bytedeco/openblas/0.3.9-1.5.3/openblas-0.3.9-1.5.3-android-arm64.jar:/home/sivaraju/.m2/repository/org/bytedeco/openblas/0.3.9-1.5.3/openblas-0.3.9-1.5.3-android-x86.jar:/home/sivaraju/.m2/repository/org/bytedeco/openblas/0.3.9-1.5.3/openblas-0.3.9-1.5.3-android-x86_64.jar:/home/sivaraju/.m2/repository/org/bytedeco/openblas/0.3.9-1.5.3/openblas-0.3.9-1.5.3-ios-arm64.jar:/home/sivaraju/.m2/repository/org/bytedeco/openblas/0.3.9-1.5.3/openblas-0.3.9-1.5.3-ios-x86_64.jar:/home/sivaraju/.m2/repository/org/bytedeco/openblas/0.3.9-1.5.3/openblas-0.3.9-1.5.3-linux-x86.jar:/home/sivaraju/.m2/repository/org/bytedeco/openblas/0.3.9-1.5.3/openblas-0.3.9-1.5.3-linux-x86_64.jar:/home/sivaraju/.m2/repository/org/bytedeco/openblas/0.3.9-1.5.3/openblas-0.3.9-1.5.3-linux-armhf.jar:/home/sivaraju/.m2/repository/org/bytedeco/openblas/0.3.9-1.5.3/openblas-0.3.9-1.5.3-linux-arm64.jar:/home/sivaraju/.m2/repository/org/bytedeco/openblas/0.3.9-1.5.3/openblas-0.3.9-1.5.3-linux-ppc64le.jar:/home/sivaraju/.m2/repository/org/bytedeco/openblas/0.3.9-1.5.3/openblas-0.3.9-1.5.3-macosx-x86_64.jar:/home/sivaraju/.m2/repository/org/bytedeco/openblas/0.3.9-1.5.3/openblas-0.3.9-1.5.3-windows-x86.jar:/home/sivaraju/.m2/repository/org/bytedeco/openblas/0.3.9-1.5.3/openblas-0.3.9-1.5.3-windows-x86_64.jar:/home/sivaraju/.m2/repository/org/bytedeco/opencv/4.3.0-1.5.3/opencv-4.3.0-1.5.3-android-arm.jar:/home/sivaraju/.m2/repository/org/bytedeco/opencv/4.3.0-1.5.3/opencv-4.3.0-1.5.3-android-arm64.jar:/home/sivaraju/.m2/repository/org/bytedeco/opencv/4.3.0-1.5.3/opencv-4.3.0-1.5.3-android-x86.jar:/home/sivaraju/.m2/repository/org/bytedeco/opencv/4.3.0-1.5.3/opencv-4.3.0-1.5.3-android-x86_64.jar:/home/sivaraju/.m2/repository/org/bytedeco/opencv/4.3.0-1.5.3/opencv-4.3.0-1.5.3-ios-arm64.jar:/home/sivaraju/.m2/repository/org/bytedeco/opencv/4.3.0-1.5.3/opencv-4.3.0-1.5.3-ios-x86_64.jar:/home/sivaraju/.m2/repository/org/bytedeco/opencv/4.3.0-1.5.3/opencv-4.3.0-1.5.3-linux-x86.jar:/home/sivaraju/.m2/repository/org/bytedeco/opencv/4.3.0-1.5.3/opencv-4.3.0-1.5.3-linux-x86_64.jar:/home/sivaraju/.m2/repository/org/bytedeco/opencv/4.3.0-1.5.3/opencv-4.3.0-1.5.3-linux-armhf.jar:/home/sivaraju/.m2/repository/org/bytedeco/opencv/4.3.0-1.5.3/opencv-4.3.0-1.5.3-linux-arm64.jar:/home/sivaraju/.m2/repository/org/bytedeco/opencv/4.3.0-1.5.3/opencv-4.3.0-1.5.3-linux-ppc64le.jar:/home/sivaraju/.m2/repository/org/bytedeco/opencv/4.3.0-1.5.3/opencv-4.3.0-1.5.3-macosx-x86_64.jar:/home/sivaraju/.m2/repository/org/bytedeco/opencv/4.3.0-1.5.3/opencv-4.3.0-1.5.3-windows-x86.jar:/home/sivaraju/.m2/repository/org/bytedeco/opencv/4.3.0-1.5.3/opencv-4.3.0-1.5.3-windows-x86_64.jar:/home/sivaraju/.m2/repository/org/bytedeco/tesseract-platform/4.1.1-1.5.3/tesseract-platform-4.1.1-1.5.3.jar:/home/sivaraju/.m2/repository/org/bytedeco/leptonica-platform/1.79.0-1.5.3/leptonica-platform-1.79.0-1.5.3.jar:/home/sivaraju/.m2/repository/org/bytedeco/leptonica/1.79.0-1.5.3/leptonica-1.79.0-1.5.3-android-arm.jar:/home/sivaraju/.m2/repository/org/bytedeco/leptonica/1.79.0-1.5.3/leptonica-1.79.0-1.5.3-android-arm64.jar:/home/sivaraju/.m2/repository/org/bytedeco/leptonica/1.79.0-1.5.3/leptonica-1.79.0-1.5.3-android-x86.jar:/home/sivaraju/.m2/repository/org/bytedeco/leptonica/1.79.0-1.5.3/leptonica-1.79.0-1.5.3-android-x86_64.jar:/home/sivaraju/.m2/repository/org/bytedeco/leptonica/1.79.0-1.5.3/leptonica-1.79.0-1.5.3-linux-x86.jar:/home/sivaraju/.m2/repository/org/bytedeco/leptonica/1.79.0-1.5.3/leptonica-1.79.0-1.5.3-linux-x86_64.jar:/home/sivaraju/.m2/repository/org/bytedeco/leptonica/1.79.0-1.5.3/leptonica-1.79.0-1.5.3-linux-armhf.jar:/home/sivaraju/.m2/repository/org/bytedeco/leptonica/1.79.0-1.5.3/leptonica-1.79.0-1.5.3-linux-arm64.jar:/home/sivaraju/.m2/repository/org/bytedeco/leptonica/1.79.0-1.5.3/leptonica-1.79.0-1.5.3-linux-ppc64le.jar:/home/sivaraju/.m2/repository/org/bytedeco/leptonica/1.79.0-1.5.3/leptonica-1.79.0-1.5.3-macosx-x86_64.jar:/home/sivaraju/.m2/repository/org/bytedeco/leptonica/1.79.0-1.5.3/leptonica-1.79.0-1.5.3-windows-x86.jar:/home/sivaraju/.m2/repository/org/bytedeco/leptonica/1.79.0-1.5.3/leptonica-1.79.0-1.5.3-windows-x86_64.jar:/home/sivaraju/.m2/repository/org/bytedeco/tesseract/4.1.1-1.5.3/tesseract-4.1.1-1.5.3-android-arm.jar:/home/sivaraju/.m2/repository/org/bytedeco/tesseract/4.1.1-1.5.3/tesseract-4.1.1-1.5.3-android-arm64.jar:/home/sivaraju/.m2/repository/org/bytedeco/tesseract/4.1.1-1.5.3/tesseract-4.1.1-1.5.3-android-x86.jar:/home/sivaraju/.m2/repository/org/bytedeco/tesseract/4.1.1-1.5.3/tesseract-4.1.1-1.5.3-android-x86_64.jar:/home/sivaraju/.m2/repository/org/bytedeco/tesseract/4.1.1-1.5.3/tesseract-4.1.1-1.5.3-linux-x86.jar:/home/sivaraju/.m2/repository/org/bytedeco/tesseract/4.1.1-1.5.3/tesseract-4.1.1-1.5.3-linux-x86_64.jar:/home/sivaraju/.m2/repository/org/bytedeco/tesseract/4.1.1-1.5.3/tesseract-4.1.1-1.5.3-linux-armhf.jar:/home/sivaraju/.m2/repository/org/bytedeco/tesseract/4.1.1-1.5.3/tesseract-4.1.1-1.5.3-linux-arm64.jar:/home/sivaraju/.m2/repository/org/bytedeco/tesseract/4.1.1-1.5.3/tesseract-4.1.1-1.5.3-linux-ppc64le.jar:/home/sivaraju/.m2/repository/org/bytedeco/tesseract/4.1.1-1.5.3/tesseract-4.1.1-1.5.3-macosx-x86_64.jar:/home/sivaraju/.m2/repository/org/bytedeco/tesseract/4.1.1-1.5.3/tesseract-4.1.1-1.5.3-windows-x86.jar:/home/sivaraju/.m2/repository/org/bytedeco/tesseract/4.1.1-1.5.3/tesseract-4.1.1-1.5.3-windows-x86_64.jar:/home/sivaraju/.m2/repository/org/bytedeco/ffmpeg-platform/4.2.2-1.5.3/ffmpeg-platform-4.2.2-1.5.3.jar:/home/sivaraju/.m2/repository/org/bytedeco/javacpp-platform/1.5.3/javacpp-platform-1.5.3.jar:/home/sivaraju/.m2/repository/org/bytedeco/javacpp/1.5.3/javacpp-1.5.3-android-arm.jar:/home/sivaraju/.m2/repository/org/bytedeco/javacpp/1.5.3/javacpp-1.5.3-android-arm64.jar:/home/sivaraju/.m2/repository/org/bytedeco/javacpp/1.5.3/javacpp-1.5.3-android-x86.jar:/home/sivaraju/.m2/repository/org/bytedeco/javacpp/1.5.3/javacpp-1.5.3-android-x86_64.jar:/home/sivaraju/.m2/repository/org/bytedeco/javacpp/1.5.3/javacpp-1.5.3-ios-arm64.jar:/home/sivaraju/.m2/repository/org/bytedeco/javacpp/1.5.3/javacpp-1.5.3-ios-x86_64.jar:/home/sivaraju/.m2/repository/org/bytedeco/javacpp/1.5.3/javacpp-1.5.3-linux-armhf.jar:/home/sivaraju/.m2/repository/org/bytedeco/javacpp/1.5.3/javacpp-1.5.3-linux-arm64.jar:/home/sivaraju/.m2/repository/org/bytedeco/javacpp/1.5.3/javacpp-1.5.3-linux-ppc64le.jar:/home/sivaraju/.m2/repository/org/bytedeco/javacpp/1.5.3/javacpp-1.5.3-linux-x86.jar:/home/sivaraju/.m2/repository/org/bytedeco/javacpp/1.5.3/javacpp-1.5.3-linux-x86_64.jar:/home/sivaraju/.m2/repository/org/bytedeco/javacpp/1.5.3/javacpp-1.5.3-macosx-x86_64.jar:/home/sivaraju/.m2/repository/org/bytedeco/javacpp/1.5.3/javacpp-1.5.3-windows-x86.jar:/home/sivaraju/.m2/repository/org/bytedeco/javacpp/1.5.3/javacpp-1.5.3-windows-x86_64.jar:/home/sivaraju/.m2/repository/org/bytedeco/ffmpeg/4.2.2-1.5.3/ffmpeg-4.2.2-1.5.3-android-arm.jar:/home/sivaraju/.m2/repository/org/bytedeco/ffmpeg/4.2.2-1.5.3/ffmpeg-4.2.2-1.5.3-android-arm64.jar:/home/sivaraju/.m2/repository/org/bytedeco/ffmpeg/4.2.2-1.5.3/ffmpeg-4.2.2-1.5.3-android-x86.jar:/home/sivaraju/.m2/repository/org/bytedeco/ffmpeg/4.2.2-1.5.3/ffmpeg-4.2.2-1.5.3-android-x86_64.jar:/home/sivaraju/.m2/repository/org/bytedeco/ffmpeg/4.2.2-1.5.3/ffmpeg-4.2.2-1.5.3-linux-x86.jar:/home/sivaraju/.m2/repository/org/bytedeco/ffmpeg/4.2.2-1.5.3/ffmpeg-4.2.2-1.5.3-linux-x86_64.jar:/home/sivaraju/.m2/repository/org/bytedeco/ffmpeg/4.2.2-1.5.3/ffmpeg-4.2.2-1.5.3-linux-armhf.jar:/home/sivaraju/.m2/repository/org/bytedeco/ffmpeg/4.2.2-1.5.3/ffmpeg-4.2.2-1.5.3-linux-arm64.jar:/home/sivaraju/.m2/repository/org/bytedeco/ffmpeg/4.2.2-1.5.3/ffmpeg-4.2.2-1.5.3-linux-ppc64le.jar:/home/sivaraju/.m2/repository/org/bytedeco/ffmpeg/4.2.2-1.5.3/ffmpeg-4.2.2-1.5.3-macosx-x86_64.jar:/home/sivaraju/.m2/repository/org/bytedeco/ffmpeg/4.2.2-1.5.3/ffmpeg-4.2.2-1.5.3-windows-x86.jar:/home/sivaraju/.m2/repository/org/bytedeco/ffmpeg/4.2.2-1.5.3/ffmpeg-4.2.2-1.5.3-windows-x86_64.jar:/home/sivaraju/.m2/repository/org/apache/httpcomponents/httpclient/4.5.13/httpclient-4.5.13.jar:/home/sivaraju/.m2/repository/org/apache/httpcomponents/httpcore/4.4.13/httpcore-4.4.13.jar:/home/sivaraju/.m2/repository/commons-logging/commons-logging/1.2/commons-logging-1.2.jar:/home/sivaraju/.m2/repository/commons-codec/commons-codec/1.11/commons-codec-1.11.jar:/home/sivaraju/.m2/repository/com/googlecode/json-simple/json-simple/1.1.1/json-simple-1.1.1.jar:/home/sivaraju/.m2/repository/net/masterthought/cucumber-reporting/5.7.2/cucumber-reporting-5.7.2.jar:/home/sivaraju/.m2/repository/com/fasterxml/jackson/core/jackson-databind/2.13.2.2/jackson-databind-2.13.2.2.jar:/home/sivaraju/.m2/repository/com/fasterxml/jackson/datatype/jackson-datatype-jsr310/2.13.2/jackson-datatype-jsr310-2.13.2.jar:/home/sivaraju/.m2/repository/org/apache/velocity/velocity-engine-core/2.3/velocity-engine-core-2.3.jar:/home/sivaraju/.m2/repository/commons-collections/commons-collections/3.2.2/commons-collections-3.2.2.jar:/home/sivaraju/.m2/repository/joda-time/joda-time/2.10.14/joda-time-2.10.14.jar:/home/sivaraju/.m2/repository/commons-io/commons-io/2.7/commons-io-2.7.jar:/home/sivaraju/.m2/repository/org/codehaus/plexus/plexus-utils/3.4.2/plexus-utils-3.4.2.jar:/home/sivaraju/.m2/repository/org/jsoup/jsoup/1.15.1/jsoup-1.15.1.jar:/home/sivaraju/.m2/repository/com/googlecode/owasp-java-html-sanitizer/owasp-java-html-sanitizer/20211018.2/owasp-java-html-sanitizer-20211018.2.jar:/home/sivaraju/.m2/repository/commons-configuration/commons-configuration/1.10/commons-configuration-1.10.jar:/home/sivaraju/.m2/repository/commons-lang/commons-lang/2.6/commons-lang-2.6.jar:/home/sivaraju/.m2/repository/de/redsix/pdfcompare/1.1.61/pdfcompare-1.1.61.jar:/home/sivaraju/.m2/repository/org/apache/pdfbox/pdfbox/2.0.25/pdfbox-2.0.25.jar:/home/sivaraju/.m2/repository/org/apache/pdfbox/fontbox/2.0.25/fontbox-2.0.25.jar:/home/sivaraju/.m2/repository/com/typesafe/config/1.4.2/config-1.4.2.jar:/home/sivaraju/.m2/repository/org/slf4j/slf4j-api/1.7.35/slf4j-api-1.7.35.jar:/home/sivaraju/.m2/repository/commons-cli/commons-cli/1.5.0/commons-cli-1.5.0.jar:/home/sivaraju/.m2/repository/org/apache/commons/commons-lang3/3.13.0/commons-lang3-3.13.0.jar:/home/sivaraju/.m2/repository/com/opencsv/opencsv/5.9/opencsv-5.9.jar:/home/sivaraju/.m2/repository/org/apache/commons/commons-text/1.11.0/commons-text-1.11.0.jar:/home/sivaraju/.m2/repository/commons-beanutils/commons-beanutils/1.9.4/commons-beanutils-1.9.4.jar:/home/sivaraju/.m2/repository/org/apache/commons/commons-collections4/4.4/commons-collections4-4.4.jar:/home/sivaraju/.m2/repository/com/amazonaws/aws-java-sdk-secretsmanager/1.12.678/aws-java-sdk-secretsmanager-1.12.678.jar:/home/sivaraju/.m2/repository/com/amazonaws/jmespath-java/1.12.678/jmespath-java-1.12.678.jar:/home/sivaraju/.m2/repository/com/amazonaws/aws-java-sdk-core/1.12.678/aws-java-sdk-core-1.12.678.jar:/home/sivaraju/.m2/repository/com/fasterxml/jackson/dataformat/jackson-dataformat-cbor/2.12.6/jackson-dataformat-cbor-2.12.6.jar:"/>
    <property name="java.vm.vendor" value="Ubuntu"/>
    <property name="sun.arch.data.model" value="64"/>
    <property name="java.vendor.url" value="https://ubuntu.com/"/>
    <property name="user.timezone" value=""/>
    <property name="java.vm.specification.version" value="11"/>
    <property name="os.name" value="Linux"/>
    <property name="sun.java.launcher" value="SUN_STANDARD"/>
    <property name="user.country" value="IN"/>
    <property name="sun.boot.library.path" value="/usr/lib/jvm/java-11-openjdk-amd64/lib"/>
    <property name="sun.java.command" value="/home/sivaraju/Desktop/test_automation/target/surefire/surefirebooter12841619238731122181.jar /home/sivaraju/Desktop/test_automation/target/surefire 2024-05-29T12-11-59_855-jvmRun1 surefire5946375428996650435tmp surefire_06752836193446687987tmp"/>
    <property name="jdk.debug" value="release"/>
    <property name="surefire.test.class.path" value="/home/sivaraju/Desktop/test_automation/target/test-classes:/home/sivaraju/Desktop/test_automation/target/classes:/home/sivaraju/.m2/repository/com/intuit/karate/karate-core/1.4.0/karate-core-1.4.0.jar:/home/sivaraju/.m2/repository/org/graalvm/js/js-scriptengine/22.3.0/js-scriptengine-22.3.0.jar:/home/sivaraju/.m2/repository/org/graalvm/sdk/graal-sdk/22.3.0/graal-sdk-22.3.0.jar:/home/sivaraju/.m2/repository/org/graalvm/js/js/22.3.0/js-22.3.0.jar:/home/sivaraju/.m2/repository/org/graalvm/regex/regex/22.3.0/regex-22.3.0.jar:/home/sivaraju/.m2/repository/org/graalvm/truffle/truffle-api/22.3.0/truffle-api-22.3.0.jar:/home/sivaraju/.m2/repository/com/ibm/icu/icu4j/71.1/icu4j-71.1.jar:/home/sivaraju/.m2/repository/org/thymeleaf/thymeleaf/3.0.14.RELEASE/thymeleaf-3.0.14.RELEASE.jar:/home/sivaraju/.m2/repository/ognl/ognl/3.1.26/ognl-3.1.26.jar:/home/sivaraju/.m2/repository/org/javassist/javassist/3.20.0-GA/javassist-3.20.0-GA.jar:/home/sivaraju/.m2/repository/org/attoparser/attoparser/2.0.5.RELEASE/attoparser-2.0.5.RELEASE.jar:/home/sivaraju/.m2/repository/org/unbescape/unbescape/1.1.6.RELEASE/unbescape-1.1.6.RELEASE.jar:/home/sivaraju/.m2/repository/com/linecorp/armeria/armeria/1.22.0/armeria-1.22.0.jar:/home/sivaraju/.m2/repository/com/fasterxml/jackson/core/jackson-core/2.14.2/jackson-core-2.14.2.jar:/home/sivaraju/.m2/repository/com/fasterxml/jackson/core/jackson-annotations/2.14.2/jackson-annotations-2.14.2.jar:/home/sivaraju/.m2/repository/com/fasterxml/jackson/datatype/jackson-datatype-jdk8/2.14.2/jackson-datatype-jdk8-2.14.2.jar:/home/sivaraju/.m2/repository/io/micrometer/micrometer-core/1.10.3/micrometer-core-1.10.3.jar:/home/sivaraju/.m2/repository/io/micrometer/micrometer-commons/1.10.3/micrometer-commons-1.10.3.jar:/home/sivaraju/.m2/repository/io/micrometer/micrometer-observation/1.10.3/micrometer-observation-1.10.3.jar:/home/sivaraju/.m2/repository/org/hdrhistogram/HdrHistogram/2.1.12/HdrHistogram-2.1.12.jar:/home/sivaraju/.m2/repository/org/latencyutils/LatencyUtils/2.0.3/LatencyUtils-2.0.3.jar:/home/sivaraju/.m2/repository/io/netty/netty-transport/4.1.87.Final/netty-transport-4.1.87.Final.jar:/home/sivaraju/.m2/repository/io/netty/netty-common/4.1.87.Final/netty-common-4.1.87.Final.jar:/home/sivaraju/.m2/repository/io/netty/netty-buffer/4.1.87.Final/netty-buffer-4.1.87.Final.jar:/home/sivaraju/.m2/repository/io/netty/netty-resolver/4.1.87.Final/netty-resolver-4.1.87.Final.jar:/home/sivaraju/.m2/repository/io/netty/netty-codec-haproxy/4.1.87.Final/netty-codec-haproxy-4.1.87.Final.jar:/home/sivaraju/.m2/repository/io/netty/netty-codec/4.1.87.Final/netty-codec-4.1.87.Final.jar:/home/sivaraju/.m2/repository/io/netty/netty-codec-http2/4.1.87.Final/netty-codec-http2-4.1.87.Final.jar:/home/sivaraju/.m2/repository/io/netty/netty-handler/4.1.87.Final/netty-handler-4.1.87.Final.jar:/home/sivaraju/.m2/repository/io/netty/netty-codec-http/4.1.87.Final/netty-codec-http-4.1.87.Final.jar:/home/sivaraju/.m2/repository/io/netty/netty-resolver-dns/4.1.87.Final/netty-resolver-dns-4.1.87.Final.jar:/home/sivaraju/.m2/repository/io/netty/netty-codec-dns/4.1.87.Final/netty-codec-dns-4.1.87.Final.jar:/home/sivaraju/.m2/repository/org/reactivestreams/reactive-streams/1.0.4/reactive-streams-1.0.4.jar:/home/sivaraju/.m2/repository/io/netty/netty-transport-native-unix-common/4.1.87.Final/netty-transport-native-unix-common-4.1.87.Final-linux-x86_64.jar:/home/sivaraju/.m2/repository/io/netty/netty-transport-native-epoll/4.1.87.Final/netty-transport-native-epoll-4.1.87.Final-linux-x86_64.jar:/home/sivaraju/.m2/repository/io/netty/netty-transport-native-unix-common/4.1.87.Final/netty-transport-native-unix-common-4.1.87.Final.jar:/home/sivaraju/.m2/repository/io/netty/netty-transport-classes-epoll/4.1.87.Final/netty-transport-classes-epoll-4.1.87.Final.jar:/home/sivaraju/.m2/repository/io/netty/netty-resolver-dns-native-macos/4.1.87.Final/netty-resolver-dns-native-macos-4.1.87.Final-osx-x86_64.jar:/home/sivaraju/.m2/repository/io/netty/netty-resolver-dns-classes-macos/4.1.87.Final/netty-resolver-dns-classes-macos-4.1.87.Final.jar:/home/sivaraju/.m2/repository/io/netty/netty-resolver-dns-native-macos/4.1.87.Final/netty-resolver-dns-native-macos-4.1.87.Final-osx-aarch_64.jar:/home/sivaraju/.m2/repository/io/netty/netty-tcnative-boringssl-static/2.0.56.Final/netty-tcnative-boringssl-static-2.0.56.Final-linux-x86_64.jar:/home/sivaraju/.m2/repository/io/netty/netty-tcnative-classes/2.0.56.Final/netty-tcnative-classes-2.0.56.Final.jar:/home/sivaraju/.m2/repository/io/netty/netty-tcnative-boringssl-static/2.0.56.Final/netty-tcnative-boringssl-static-2.0.56.Final-linux-aarch_64.jar:/home/sivaraju/.m2/repository/io/netty/netty-tcnative-boringssl-static/2.0.56.Final/netty-tcnative-boringssl-static-2.0.56.Final-osx-x86_64.jar:/home/sivaraju/.m2/repository/io/netty/netty-tcnative-boringssl-static/2.0.56.Final/netty-tcnative-boringssl-static-2.0.56.Final-osx-aarch_64.jar:/home/sivaraju/.m2/repository/io/netty/netty-tcnative-boringssl-static/2.0.56.Final/netty-tcnative-boringssl-static-2.0.56.Final-windows-x86_64.jar:/home/sivaraju/.m2/repository/io/netty/netty-handler-proxy/4.1.87.Final/netty-handler-proxy-4.1.87.Final.jar:/home/sivaraju/.m2/repository/io/netty/netty-codec-socks/4.1.87.Final/netty-codec-socks-4.1.87.Final.jar:/home/sivaraju/.m2/repository/com/aayushatharva/brotli4j/brotli4j/1.9.0/brotli4j-1.9.0.jar:/home/sivaraju/.m2/repository/ch/qos/logback/logback-classic/1.2.9/logback-classic-1.2.9.jar:/home/sivaraju/.m2/repository/ch/qos/logback/logback-core/1.2.9/logback-core-1.2.9.jar:/home/sivaraju/.m2/repository/org/slf4j/jcl-over-slf4j/1.7.32/jcl-over-slf4j-1.7.32.jar:/home/sivaraju/.m2/repository/org/antlr/antlr4-runtime/4.11.1/antlr4-runtime-4.11.1.jar:/home/sivaraju/.m2/repository/com/jayway/jsonpath/json-path/2.8.0/json-path-2.8.0.jar:/home/sivaraju/.m2/repository/net/minidev/json-smart/2.4.10/json-smart-2.4.10.jar:/home/sivaraju/.m2/repository/net/minidev/accessors-smart/2.4.9/accessors-smart-2.4.9.jar:/home/sivaraju/.m2/repository/org/ow2/asm/asm/9.3/asm-9.3.jar:/home/sivaraju/.m2/repository/org/yaml/snakeyaml/2.0/snakeyaml-2.0.jar:/home/sivaraju/.m2/repository/de/siegmar/fastcsv/2.2.1/fastcsv-2.2.1.jar:/home/sivaraju/.m2/repository/info/picocli/picocli/4.7.1/picocli-4.7.1.jar:/home/sivaraju/.m2/repository/io/github/classgraph/classgraph/4.8.152/classgraph-4.8.152.jar:/home/sivaraju/.m2/repository/io/github/t12y/resemble/1.0.2/resemble-1.0.2.jar:/home/sivaraju/.m2/repository/io/github/t12y/ssim/1.0.0/ssim-1.0.0.jar:/home/sivaraju/.m2/repository/com/intuit/karate/karate-junit5/1.4.0/karate-junit5-1.4.0.jar:/home/sivaraju/.m2/repository/org/junit/jupiter/junit-jupiter-api/5.9.1/junit-jupiter-api-5.9.1.jar:/home/sivaraju/.m2/repository/org/opentest4j/opentest4j/1.2.0/opentest4j-1.2.0.jar:/home/sivaraju/.m2/repository/org/junit/platform/junit-platform-commons/1.9.1/junit-platform-commons-1.9.1.jar:/home/sivaraju/.m2/repository/org/apiguardian/apiguardian-api/1.1.2/apiguardian-api-1.1.2.jar:/home/sivaraju/.m2/repository/org/junit/jupiter/junit-jupiter-engine/5.9.1/junit-jupiter-engine-5.9.1.jar:/home/sivaraju/.m2/repository/org/junit/platform/junit-platform-engine/1.9.1/junit-platform-engine-1.9.1.jar:/home/sivaraju/.m2/repository/com/intuit/karate/karate-gatling/1.4.0/karate-gatling-1.4.0.jar:/home/sivaraju/.m2/repository/io/gatling/highcharts/gatling-charts-highcharts/3.7.4/gatling-charts-highcharts-3.7.4.jar:/home/sivaraju/.m2/repository/io/gatling/gatling-app/3.7.4/gatling-app-3.7.4.jar:/home/sivaraju/.m2/repository/io/gatling/gatling-core/3.7.4/gatling-core-3.7.4.jar:/home/sivaraju/.m2/repository/io/gatling/gatling-commons/3.7.4/gatling-commons-3.7.4.jar:/home/sivaraju/.m2/repository/io/gatling/gatling-commons-shared/3.7.4/gatling-commons-shared-3.7.4.jar:/home/sivaraju/.m2/repository/org/scala-lang/scala-reflect/2.13.8/scala-reflect-2.13.8.jar:/home/sivaraju/.m2/repository/io/suzaku/boopickle_2.13/1.3.3/boopickle_2.13-1.3.3.jar:/home/sivaraju/.m2/repository/io/gatling/gatling-commons-shared-unstable/3.7.4/gatling-commons-shared-unstable-3.7.4.jar:/home/sivaraju/.m2/repository/org/typelevel/spire-macros_2.13/0.17.0/spire-macros_2.13-0.17.0.jar:/home/sivaraju/.m2/repository/com/typesafe/scala-logging/scala-logging_2.13/3.9.4/scala-logging_2.13-3.9.4.jar:/home/sivaraju/.m2/repository/io/gatling/gatling-jsonpath/3.7.4/gatling-jsonpath-3.7.4.jar:/home/sivaraju/.m2/repository/com/typesafe/akka/akka-slf4j_2.13/2.6.18/akka-slf4j_2.13-2.6.18.jar:/home/sivaraju/.m2/repository/org/simpleflatmapper/lightning-csv/8.2.3/lightning-csv-8.2.3.jar:/home/sivaraju/.m2/repository/org/simpleflatmapper/sfm-util/8.2.3/sfm-util-8.2.3.jar:/home/sivaraju/.m2/repository/com/github/ben-manes/caffeine/caffeine/2.9.3/caffeine-2.9.3.jar:/home/sivaraju/.m2/repository/org/checkerframework/checker-qual/3.19.0/checker-qual-3.19.0.jar:/home/sivaraju/.m2/repository/com/google/errorprone/error_prone_annotations/2.10.0/error_prone_annotations-2.10.0.jar:/home/sivaraju/.m2/repository/io/pebbletemplates/pebble/3.1.5/pebble-3.1.5.jar:/home/sivaraju/.m2/repository/org/scala-lang/modules/scala-parser-combinators_2.13/2.1.0/scala-parser-combinators_2.13-2.1.0.jar:/home/sivaraju/.m2/repository/com/github/scopt/scopt_2.13/3.7.1/scopt_2.13-3.7.1.jar:/home/sivaraju/.m2/repository/com/softwaremill/quicklens/quicklens_2.13/1.8.2/quicklens_2.13-1.8.2.jar:/home/sivaraju/.m2/repository/net/sf/saxon/Saxon-HE/10.6/Saxon-HE-10.6.jar:/home/sivaraju/.m2/repository/org/jodd/jodd-lagarto/6.0.5/jodd-lagarto-6.0.5.jar:/home/sivaraju/.m2/repository/org/jodd/jodd-util/6.0.1/jodd-util-6.0.1.jar:/home/sivaraju/.m2/repository/io/burt/jmespath-jackson/0.5.1/jmespath-jackson-0.5.1.jar:/home/sivaraju/.m2/repository/io/burt/jmespath-core/0.5.1/jmespath-core-0.5.1.jar:/home/sivaraju/.m2/repository/io/gatling/gatling-core-java/3.7.4/gatling-core-java-3.7.4.jar:/home/sivaraju/.m2/repository/net/jodah/typetools/0.6.3/typetools-0.6.3.jar:/home/sivaraju/.m2/repository/io/gatling/gatling-http/3.7.4/gatling-http-3.7.4.jar:/home/sivaraju/.m2/repository/io/gatling/gatling-http-client/3.7.4/gatling-http-client-3.7.4.jar:/home/sivaraju/.m2/repository/io/netty/netty-tcnative-boringssl-static/2.0.47.Final/netty-tcnative-boringssl-static-2.0.47.Final.jar:/home/sivaraju/.m2/repository/com/aayushatharva/brotli4j/native-linux-x86_64/1.6.0/native-linux-x86_64-1.6.0.jar:/home/sivaraju/.m2/repository/com/aayushatharva/brotli4j/native-linux-aarch64/1.6.0/native-linux-aarch64-1.6.0.jar:/home/sivaraju/.m2/repository/com/aayushatharva/brotli4j/native-osx-x86_64/1.6.0/native-osx-x86_64-1.6.0.jar:/home/sivaraju/.m2/repository/com/aayushatharva/brotli4j/native-windows-x86_64/1.6.0/native-windows-x86_64-1.6.0.jar:/home/sivaraju/.m2/repository/io/gatling/gatling-http-java/3.7.4/gatling-http-java-3.7.4.jar:/home/sivaraju/.m2/repository/io/gatling/gatling-jms/3.7.4/gatling-jms-3.7.4.jar:/home/sivaraju/.m2/repository/javax/jms/javax.jms-api/2.0.1/javax.jms-api-2.0.1.jar:/home/sivaraju/.m2/repository/com/eatthepath/fast-uuid/0.2.0/fast-uuid-0.2.0.jar:/home/sivaraju/.m2/repository/io/gatling/gatling-jms-java/3.7.4/gatling-jms-java-3.7.4.jar:/home/sivaraju/.m2/repository/io/gatling/gatling-mqtt/3.7.4/gatling-mqtt-3.7.4.jar:/home/sivaraju/.m2/repository/io/gatling/gatling-netty-util/3.7.4/gatling-netty-util-3.7.4.jar:/home/sivaraju/.m2/repository/io/netty/netty-codec-mqtt/4.1.73.Final/netty-codec-mqtt-4.1.73.Final.jar:/home/sivaraju/.m2/repository/io/netty/netty-transport-native-epoll/4.1.73.Final/netty-transport-native-epoll-4.1.73.Final-linux-aarch_64.jar:/home/sivaraju/.m2/repository/io/gatling/gatling-mqtt-java/3.7.4/gatling-mqtt-java-3.7.4.jar:/home/sivaraju/.m2/repository/io/gatling/gatling-jdbc/3.7.4/gatling-jdbc-3.7.4.jar:/home/sivaraju/.m2/repository/io/gatling/gatling-jdbc-java/3.7.4/gatling-jdbc-java-3.7.4.jar:/home/sivaraju/.m2/repository/io/gatling/gatling-redis/3.7.4/gatling-redis-3.7.4.jar:/home/sivaraju/.m2/repository/net/debasishg/redisclient_2.13/3.42/redisclient_2.13-3.42.jar:/home/sivaraju/.m2/repository/org/apache/commons/commons-pool2/2.8.0/commons-pool2-2.8.0.jar:/home/sivaraju/.m2/repository/io/gatling/gatling-redis-java/3.7.4/gatling-redis-java-3.7.4.jar:/home/sivaraju/.m2/repository/io/gatling/gatling-graphite/3.7.4/gatling-graphite-3.7.4.jar:/home/sivaraju/.m2/repository/io/gatling/gatling-charts/3.7.4/gatling-charts-3.7.4.jar:/home/sivaraju/.m2/repository/com/tdunning/t-digest/3.1/t-digest-3.1.jar:/home/sivaraju/.m2/repository/io/gatling/gatling-recorder/3.7.4/gatling-recorder-3.7.4.jar:/home/sivaraju/.m2/repository/org/scala-lang/modules/scala-swing_2.13/3.0.0/scala-swing_2.13-3.0.0.jar:/home/sivaraju/.m2/repository/org/bouncycastle/bcpkix-jdk15on/1.70/bcpkix-jdk15on-1.70.jar:/home/sivaraju/.m2/repository/org/bouncycastle/bcprov-jdk15on/1.70/bcprov-jdk15on-1.70.jar:/home/sivaraju/.m2/repository/org/bouncycastle/bcutil-jdk15on/1.70/bcutil-jdk15on-1.70.jar:/home/sivaraju/.m2/repository/com/typesafe/akka/akka-actor_2.13/2.6.18/akka-actor_2.13-2.6.18.jar:/home/sivaraju/.m2/repository/org/scala-lang/modules/scala-java8-compat_2.13/1.0.0/scala-java8-compat_2.13-1.0.0.jar:/home/sivaraju/.m2/repository/org/scala-lang/scala-library/2.13.9/scala-library-2.13.9.jar:/home/sivaraju/.m2/repository/com/intuit/karate/karate-apache/0.9.6/karate-apache-0.9.6.jar:/home/sivaraju/.m2/repository/org/apache/httpcomponents/httpmime/4.5.12/httpmime-4.5.12.jar:/home/sivaraju/.m2/repository/info/cukes/cucumber-junit/1.2.5/cucumber-junit-1.2.5.jar:/home/sivaraju/.m2/repository/info/cukes/cucumber-core/1.2.5/cucumber-core-1.2.5.jar:/home/sivaraju/.m2/repository/info/cukes/cucumber-html/0.2.3/cucumber-html-0.2.3.jar:/home/sivaraju/.m2/repository/info/cukes/cucumber-jvm-deps/1.0.5/cucumber-jvm-deps-1.0.5.jar:/home/sivaraju/.m2/repository/info/cukes/gherkin/2.12.2/gherkin-2.12.2.jar:/home/sivaraju/.m2/repository/junit/junit/4.12/junit-4.12.jar:/home/sivaraju/.m2/repository/org/hamcrest/hamcrest-core/1.3/hamcrest-core-1.3.jar:/home/sivaraju/.m2/repository/org/testng/testng/7.4.0/testng-7.4.0.jar:/home/sivaraju/.m2/repository/com/beust/jcommander/1.78/jcommander-1.78.jar:/home/sivaraju/.m2/repository/org/webjars/jquery/3.5.1/jquery-3.5.1.jar:/home/sivaraju/.m2/repository/com/google/guava/guava/11.0.2/guava-11.0.2.jar:/home/sivaraju/.m2/repository/com/google/code/findbugs/jsr305/1.3.9/jsr305-1.3.9.jar:/home/sivaraju/.m2/repository/com/intuit/karate/karate-robot/1.4.0/karate-robot-1.4.0.jar:/home/sivaraju/.m2/repository/net/java/dev/jna/jna-platform/5.5.0/jna-platform-5.5.0.jar:/home/sivaraju/.m2/repository/net/java/dev/jna/jna/5.5.0/jna-5.5.0.jar:/home/sivaraju/.m2/repository/org/bytedeco/javacv/1.5.3/javacv-1.5.3.jar:/home/sivaraju/.m2/repository/org/bytedeco/javacpp/1.5.3/javacpp-1.5.3.jar:/home/sivaraju/.m2/repository/org/bytedeco/openblas/0.3.9-1.5.3/openblas-0.3.9-1.5.3.jar:/home/sivaraju/.m2/repository/org/bytedeco/opencv/4.3.0-1.5.3/opencv-4.3.0-1.5.3.jar:/home/sivaraju/.m2/repository/org/bytedeco/ffmpeg/4.2.2-1.5.3/ffmpeg-4.2.2-1.5.3.jar:/home/sivaraju/.m2/repository/org/bytedeco/leptonica/1.79.0-1.5.3/leptonica-1.79.0-1.5.3.jar:/home/sivaraju/.m2/repository/org/bytedeco/tesseract/4.1.1-1.5.3/tesseract-4.1.1-1.5.3.jar:/home/sivaraju/.m2/repository/org/openjfx/javafx-graphics/11/javafx-graphics-11.jar:/home/sivaraju/.m2/repository/org/openjfx/javafx-graphics/11/javafx-graphics-11-linux.jar:/home/sivaraju/.m2/repository/org/openjfx/javafx-base/11/javafx-base-11.jar:/home/sivaraju/.m2/repository/org/openjfx/javafx-base/11/javafx-base-11-linux.jar:/home/sivaraju/.m2/repository/org/bytedeco/opencv-platform/4.3.0-1.5.3/opencv-platform-4.3.0-1.5.3.jar:/home/sivaraju/.m2/repository/org/bytedeco/openblas-platform/0.3.9-1.5.3/openblas-platform-0.3.9-1.5.3.jar:/home/sivaraju/.m2/repository/org/bytedeco/openblas/0.3.9-1.5.3/openblas-0.3.9-1.5.3-android-arm.jar:/home/sivaraju/.m2/repository/org/bytedeco/openblas/0.3.9-1.5.3/openblas-0.3.9-1.5.3-android-arm64.jar:/home/sivaraju/.m2/repository/org/bytedeco/openblas/0.3.9-1.5.3/openblas-0.3.9-1.5.3-android-x86.jar:/home/sivaraju/.m2/repository/org/bytedeco/openblas/0.3.9-1.5.3/openblas-0.3.9-1.5.3-android-x86_64.jar:/home/sivaraju/.m2/repository/org/bytedeco/openblas/0.3.9-1.5.3/openblas-0.3.9-1.5.3-ios-arm64.jar:/home/sivaraju/.m2/repository/org/bytedeco/openblas/0.3.9-1.5.3/openblas-0.3.9-1.5.3-ios-x86_64.jar:/home/sivaraju/.m2/repository/org/bytedeco/openblas/0.3.9-1.5.3/openblas-0.3.9-1.5.3-linux-x86.jar:/home/sivaraju/.m2/repository/org/bytedeco/openblas/0.3.9-1.5.3/openblas-0.3.9-1.5.3-linux-x86_64.jar:/home/sivaraju/.m2/repository/org/bytedeco/openblas/0.3.9-1.5.3/openblas-0.3.9-1.5.3-linux-armhf.jar:/home/sivaraju/.m2/repository/org/bytedeco/openblas/0.3.9-1.5.3/openblas-0.3.9-1.5.3-linux-arm64.jar:/home/sivaraju/.m2/repository/org/bytedeco/openblas/0.3.9-1.5.3/openblas-0.3.9-1.5.3-linux-ppc64le.jar:/home/sivaraju/.m2/repository/org/bytedeco/openblas/0.3.9-1.5.3/openblas-0.3.9-1.5.3-macosx-x86_64.jar:/home/sivaraju/.m2/repository/org/bytedeco/openblas/0.3.9-1.5.3/openblas-0.3.9-1.5.3-windows-x86.jar:/home/sivaraju/.m2/repository/org/bytedeco/openblas/0.3.9-1.5.3/openblas-0.3.9-1.5.3-windows-x86_64.jar:/home/sivaraju/.m2/repository/org/bytedeco/opencv/4.3.0-1.5.3/opencv-4.3.0-1.5.3-android-arm.jar:/home/sivaraju/.m2/repository/org/bytedeco/opencv/4.3.0-1.5.3/opencv-4.3.0-1.5.3-android-arm64.jar:/home/sivaraju/.m2/repository/org/bytedeco/opencv/4.3.0-1.5.3/opencv-4.3.0-1.5.3-android-x86.jar:/home/sivaraju/.m2/repository/org/bytedeco/opencv/4.3.0-1.5.3/opencv-4.3.0-1.5.3-android-x86_64.jar:/home/sivaraju/.m2/repository/org/bytedeco/opencv/4.3.0-1.5.3/opencv-4.3.0-1.5.3-ios-arm64.jar:/home/sivaraju/.m2/repository/org/bytedeco/opencv/4.3.0-1.5.3/opencv-4.3.0-1.5.3-ios-x86_64.jar:/home/sivaraju/.m2/repository/org/bytedeco/opencv/4.3.0-1.5.3/opencv-4.3.0-1.5.3-linux-x86.jar:/home/sivaraju/.m2/repository/org/bytedeco/opencv/4.3.0-1.5.3/opencv-4.3.0-1.5.3-linux-x86_64.jar:/home/sivaraju/.m2/repository/org/bytedeco/opencv/4.3.0-1.5.3/opencv-4.3.0-1.5.3-linux-armhf.jar:/home/sivaraju/.m2/repository/org/bytedeco/opencv/4.3.0-1.5.3/opencv-4.3.0-1.5.3-linux-arm64.jar:/home/sivaraju/.m2/repository/org/bytedeco/opencv/4.3.0-1.5.3/opencv-4.3.0-1.5.3-linux-ppc64le.jar:/home/sivaraju/.m2/repository/org/bytedeco/opencv/4.3.0-1.5.3/opencv-4.3.0-1.5.3-macosx-x86_64.jar:/home/sivaraju/.m2/repository/org/bytedeco/opencv/4.3.0-1.5.3/opencv-4.3.0-1.5.3-windows-x86.jar:/home/sivaraju/.m2/repository/org/bytedeco/opencv/4.3.0-1.5.3/opencv-4.3.0-1.5.3-windows-x86_64.jar:/home/sivaraju/.m2/repository/org/bytedeco/tesseract-platform/4.1.1-1.5.3/tesseract-platform-4.1.1-1.5.3.jar:/home/sivaraju/.m2/repository/org/bytedeco/leptonica-platform/1.79.0-1.5.3/leptonica-platform-1.79.0-1.5.3.jar:/home/sivaraju/.m2/repository/org/bytedeco/leptonica/1.79.0-1.5.3/leptonica-1.79.0-1.5.3-android-arm.jar:/home/sivaraju/.m2/repository/org/bytedeco/leptonica/1.79.0-1.5.3/leptonica-1.79.0-1.5.3-android-arm64.jar:/home/sivaraju/.m2/repository/org/bytedeco/leptonica/1.79.0-1.5.3/leptonica-1.79.0-1.5.3-android-x86.jar:/home/sivaraju/.m2/repository/org/bytedeco/leptonica/1.79.0-1.5.3/leptonica-1.79.0-1.5.3-android-x86_64.jar:/home/sivaraju/.m2/repository/org/bytedeco/leptonica/1.79.0-1.5.3/leptonica-1.79.0-1.5.3-linux-x86.jar:/home/sivaraju/.m2/repository/org/bytedeco/leptonica/1.79.0-1.5.3/leptonica-1.79.0-1.5.3-linux-x86_64.jar:/home/sivaraju/.m2/repository/org/bytedeco/leptonica/1.79.0-1.5.3/leptonica-1.79.0-1.5.3-linux-armhf.jar:/home/sivaraju/.m2/repository/org/bytedeco/leptonica/1.79.0-1.5.3/leptonica-1.79.0-1.5.3-linux-arm64.jar:/home/sivaraju/.m2/repository/org/bytedeco/leptonica/1.79.0-1.5.3/leptonica-1.79.0-1.5.3-linux-ppc64le.jar:/home/sivaraju/.m2/repository/org/bytedeco/leptonica/1.79.0-1.5.3/leptonica-1.79.0-1.5.3-macosx-x86_64.jar:/home/sivaraju/.m2/repository/org/bytedeco/leptonica/1.79.0-1.5.3/leptonica-1.79.0-1.5.3-windows-x86.jar:/home/sivaraju/.m2/repository/org/bytedeco/leptonica/1.79.0-1.5.3/leptonica-1.79.0-1.5.3-windows-x86_64.jar:/home/sivaraju/.m2/repository/org/bytedeco/tesseract/4.1.1-1.5.3/tesseract-4.1.1-1.5.3-android-arm.jar:/home/sivaraju/.m2/repository/org/bytedeco/tesseract/4.1.1-1.5.3/tesseract-4.1.1-1.5.3-android-arm64.jar:/home/sivaraju/.m2/repository/org/bytedeco/tesseract/4.1.1-1.5.3/tesseract-4.1.1-1.5.3-android-x86.jar:/home/sivaraju/.m2/repository/org/bytedeco/tesseract/4.1.1-1.5.3/tesseract-4.1.1-1.5.3-android-x86_64.jar:/home/sivaraju/.m2/repository/org/bytedeco/tesseract/4.1.1-1.5.3/tesseract-4.1.1-1.5.3-linux-x86.jar:/home/sivaraju/.m2/repository/org/bytedeco/tesseract/4.1.1-1.5.3/tesseract-4.1.1-1.5.3-linux-x86_64.jar:/home/sivaraju/.m2/repository/org/bytedeco/tesseract/4.1.1-1.5.3/tesseract-4.1.1-1.5.3-linux-armhf.jar:/home/sivaraju/.m2/repository/org/bytedeco/tesseract/4.1.1-1.5.3/tesseract-4.1.1-1.5.3-linux-arm64.jar:/home/sivaraju/.m2/repository/org/bytedeco/tesseract/4.1.1-1.5.3/tesseract-4.1.1-1.5.3-linux-ppc64le.jar:/home/sivaraju/.m2/repository/org/bytedeco/tesseract/4.1.1-1.5.3/tesseract-4.1.1-1.5.3-macosx-x86_64.jar:/home/sivaraju/.m2/repository/org/bytedeco/tesseract/4.1.1-1.5.3/tesseract-4.1.1-1.5.3-windows-x86.jar:/home/sivaraju/.m2/repository/org/bytedeco/tesseract/4.1.1-1.5.3/tesseract-4.1.1-1.5.3-windows-x86_64.jar:/home/sivaraju/.m2/repository/org/bytedeco/ffmpeg-platform/4.2.2-1.5.3/ffmpeg-platform-4.2.2-1.5.3.jar:/home/sivaraju/.m2/repository/org/bytedeco/javacpp-platform/1.5.3/javacpp-platform-1.5.3.jar:/home/sivaraju/.m2/repository/org/bytedeco/javacpp/1.5.3/javacpp-1.5.3-android-arm.jar:/home/sivaraju/.m2/repository/org/bytedeco/javacpp/1.5.3/javacpp-1.5.3-android-arm64.jar:/home/sivaraju/.m2/repository/org/bytedeco/javacpp/1.5.3/javacpp-1.5.3-android-x86.jar:/home/sivaraju/.m2/repository/org/bytedeco/javacpp/1.5.3/javacpp-1.5.3-android-x86_64.jar:/home/sivaraju/.m2/repository/org/bytedeco/javacpp/1.5.3/javacpp-1.5.3-ios-arm64.jar:/home/sivaraju/.m2/repository/org/bytedeco/javacpp/1.5.3/javacpp-1.5.3-ios-x86_64.jar:/home/sivaraju/.m2/repository/org/bytedeco/javacpp/1.5.3/javacpp-1.5.3-linux-armhf.jar:/home/sivaraju/.m2/repository/org/bytedeco/javacpp/1.5.3/javacpp-1.5.3-linux-arm64.jar:/home/sivaraju/.m2/repository/org/bytedeco/javacpp/1.5.3/javacpp-1.5.3-linux-ppc64le.jar:/home/sivaraju/.m2/repository/org/bytedeco/javacpp/1.5.3/javacpp-1.5.3-linux-x86.jar:/home/sivaraju/.m2/repository/org/bytedeco/javacpp/1.5.3/javacpp-1.5.3-linux-x86_64.jar:/home/sivaraju/.m2/repository/org/bytedeco/javacpp/1.5.3/javacpp-1.5.3-macosx-x86_64.jar:/home/sivaraju/.m2/repository/org/bytedeco/javacpp/1.5.3/javacpp-1.5.3-windows-x86.jar:/home/sivaraju/.m2/repository/org/bytedeco/javacpp/1.5.3/javacpp-1.5.3-windows-x86_64.jar:/home/sivaraju/.m2/repository/org/bytedeco/ffmpeg/4.2.2-1.5.3/ffmpeg-4.2.2-1.5.3-android-arm.jar:/home/sivaraju/.m2/repository/org/bytedeco/ffmpeg/4.2.2-1.5.3/ffmpeg-4.2.2-1.5.3-android-arm64.jar:/home/sivaraju/.m2/repository/org/bytedeco/ffmpeg/4.2.2-1.5.3/ffmpeg-4.2.2-1.5.3-android-x86.jar:/home/sivaraju/.m2/repository/org/bytedeco/ffmpeg/4.2.2-1.5.3/ffmpeg-4.2.2-1.5.3-android-x86_64.jar:/home/sivaraju/.m2/repository/org/bytedeco/ffmpeg/4.2.2-1.5.3/ffmpeg-4.2.2-1.5.3-linux-x86.jar:/home/sivaraju/.m2/repository/org/bytedeco/ffmpeg/4.2.2-1.5.3/ffmpeg-4.2.2-1.5.3-linux-x86_64.jar:/home/sivaraju/.m2/repository/org/bytedeco/ffmpeg/4.2.2-1.5.3/ffmpeg-4.2.2-1.5.3-linux-armhf.jar:/home/sivaraju/.m2/repository/org/bytedeco/ffmpeg/4.2.2-1.5.3/ffmpeg-4.2.2-1.5.3-linux-arm64.jar:/home/sivaraju/.m2/repository/org/bytedeco/ffmpeg/4.2.2-1.5.3/ffmpeg-4.2.2-1.5.3-linux-ppc64le.jar:/home/sivaraju/.m2/repository/org/bytedeco/ffmpeg/4.2.2-1.5.3/ffmpeg-4.2.2-1.5.3-macosx-x86_64.jar:/home/sivaraju/.m2/repository/org/bytedeco/ffmpeg/4.2.2-1.5.3/ffmpeg-4.2.2-1.5.3-windows-x86.jar:/home/sivaraju/.m2/repository/org/bytedeco/ffmpeg/4.2.2-1.5.3/ffmpeg-4.2.2-1.5.3-windows-x86_64.jar:/home/sivaraju/.m2/repository/org/apache/httpcomponents/httpclient/4.5.13/httpclient-4.5.13.jar:/home/sivaraju/.m2/repository/org/apache/httpcomponents/httpcore/4.4.13/httpcore-4.4.13.jar:/home/sivaraju/.m2/repository/commons-logging/commons-logging/1.2/commons-logging-1.2.jar:/home/sivaraju/.m2/repository/commons-codec/commons-codec/1.11/commons-codec-1.11.jar:/home/sivaraju/.m2/repository/com/googlecode/json-simple/json-simple/1.1.1/json-simple-1.1.1.jar:/home/sivaraju/.m2/repository/net/masterthought/cucumber-reporting/5.7.2/cucumber-reporting-5.7.2.jar:/home/sivaraju/.m2/repository/com/fasterxml/jackson/core/jackson-databind/2.13.2.2/jackson-databind-2.13.2.2.jar:/home/sivaraju/.m2/repository/com/fasterxml/jackson/datatype/jackson-datatype-jsr310/2.13.2/jackson-datatype-jsr310-2.13.2.jar:/home/sivaraju/.m2/repository/org/apache/velocity/velocity-engine-core/2.3/velocity-engine-core-2.3.jar:/home/sivaraju/.m2/repository/commons-collections/commons-collections/3.2.2/commons-collections-3.2.2.jar:/home/sivaraju/.m2/repository/joda-time/joda-time/2.10.14/joda-time-2.10.14.jar:/home/sivaraju/.m2/repository/commons-io/commons-io/2.7/commons-io-2.7.jar:/home/sivaraju/.m2/repository/org/codehaus/plexus/plexus-utils/3.4.2/plexus-utils-3.4.2.jar:/home/sivaraju/.m2/repository/org/jsoup/jsoup/1.15.1/jsoup-1.15.1.jar:/home/sivaraju/.m2/repository/com/googlecode/owasp-java-html-sanitizer/owasp-java-html-sanitizer/20211018.2/owasp-java-html-sanitizer-20211018.2.jar:/home/sivaraju/.m2/repository/commons-configuration/commons-configuration/1.10/commons-configuration-1.10.jar:/home/sivaraju/.m2/repository/commons-lang/commons-lang/2.6/commons-lang-2.6.jar:/home/sivaraju/.m2/repository/de/redsix/pdfcompare/1.1.61/pdfcompare-1.1.61.jar:/home/sivaraju/.m2/repository/org/apache/pdfbox/pdfbox/2.0.25/pdfbox-2.0.25.jar:/home/sivaraju/.m2/repository/org/apache/pdfbox/fontbox/2.0.25/fontbox-2.0.25.jar:/home/sivaraju/.m2/repository/com/typesafe/config/1.4.2/config-1.4.2.jar:/home/sivaraju/.m2/repository/org/slf4j/slf4j-api/1.7.35/slf4j-api-1.7.35.jar:/home/sivaraju/.m2/repository/commons-cli/commons-cli/1.5.0/commons-cli-1.5.0.jar:/home/sivaraju/.m2/repository/org/apache/commons/commons-lang3/3.13.0/commons-lang3-3.13.0.jar:/home/sivaraju/.m2/repository/com/opencsv/opencsv/5.9/opencsv-5.9.jar:/home/sivaraju/.m2/repository/org/apache/commons/commons-text/1.11.0/commons-text-1.11.0.jar:/home/sivaraju/.m2/repository/commons-beanutils/commons-beanutils/1.9.4/commons-beanutils-1.9.4.jar:/home/sivaraju/.m2/repository/org/apache/commons/commons-collections4/4.4/commons-collections4-4.4.jar:/home/sivaraju/.m2/repository/com/amazonaws/aws-java-sdk-secretsmanager/1.12.678/aws-java-sdk-secretsmanager-1.12.678.jar:/home/sivaraju/.m2/repository/com/amazonaws/jmespath-java/1.12.678/jmespath-java-1.12.678.jar:/home/sivaraju/.m2/repository/com/amazonaws/aws-java-sdk-core/1.12.678/aws-java-sdk-core-1.12.678.jar:/home/sivaraju/.m2/repository/com/fasterxml/jackson/dataformat/jackson-dataformat-cbor/2.12.6/jackson-dataformat-cbor-2.12.6.jar:"/>
    <property name="sun.cpu.endian" value="little"/>
    <property name="user.home" value="/home/sivaraju"/>
    <property name="user.language" value="en"/>
    <property name="java.specification.vendor" value="Oracle Corporation"/>
    <property name="java.version.date" value="2024-01-16"/>
    <property name="java.home" value="/usr/lib/jvm/java-11-openjdk-amd64"/>
    <property name="file.separator" value="/"/>
    <property name="basedir" value="/home/sivaraju/Desktop/test_automation"/>
    <property name="java.vm.compressedOopsMode" value="Zero based"/>
    <property name="line.separator" value="&#10;"/>
    <property name="java.specification.name" value="Java Platform API Specification"/>
    <property name="java.vm.specification.vendor" value="Oracle Corporation"/>
    <property name="browserscount" value="1"/>
    <property name="java.awt.graphicsenv" value="sun.awt.X11GraphicsEnvironment"/>
    <property name="karate.options" value="--tags @sanity"/>
    <property name="surefire.real.class.path" value="/home/sivaraju/Desktop/test_automation/target/surefire/surefirebooter12841619238731122181.jar"/>
    <property name="targetdir" value="target"/>
    <property name="sun.management.compiler" value="HotSpot 64-Bit Tiered Compilers"/>
    <property name="java.runtime.version" value="11.0.22+7-post-Ubuntu-0ubuntu222.04.1"/>
    <property name="user.name" value="sivaraju"/>
    <property name="path.separator" value=":"/>
    <property name="os.version" value="6.5.0-35-generic"/>
    <property name="java.runtime.name" value="OpenJDK Runtime Environment"/>
    <property name="file.encoding" value="UTF-8"/>
    <property name="java.vm.name" value="OpenJDK 64-Bit Server VM"/>
    <property name="localRepository" value="/home/sivaraju/.m2/repository"/>
    <property name="java.vendor.url.bug" value="https://bugs.launchpad.net/ubuntu/+source/openjdk-lts"/>
    <property name="java.io.tmpdir" value="/tmp"/>
    <property name="java.version" value="11.0.22"/>
    <property name="testsuite" value="api"/>
    <property name="user.dir" value="/home/sivaraju/Desktop/test_automation"/>
    <property name="os.arch" value="amd64"/>
    <property name="java.vm.specification.name" value="Java Virtual Machine Specification"/>
    <property name="java.awt.printerjob" value="sun.print.PSPrinterJob"/>
    <property name="team" value="SP"/>
    <property name="env" value="QA"/>
    <property name="sun.os.patch.level" value="unknown"/>
    <property name="java.library.path" value="/usr/java/packages/lib:/usr/lib/x86_64-linux-gnu/jni:/lib/x86_64-linux-gnu:/usr/lib/x86_64-linux-gnu:/usr/lib/jni:/lib:/usr/lib"/>
    <property name="java.vm.info" value="mixed mode, sharing"/>
    <property name="java.vendor" value="Ubuntu"/>
    <property name="java.vm.version" value="11.0.22+7-post-Ubuntu-0ubuntu222.04.1"/>
    <property name="java.specification.maintenance.version" value="2"/>
    <property name="sun.io.unicode.encoding" value="UnicodeLittle"/>
    <property name="java.class.version" value="55.0"/>
  </properties>
  <testcase name="testParallel on testParallel(runner.TestRunner)" classname="runner.TestRunner" time="35.677"/>
</testsuite>