<?xml version="1.0" encoding="UTF-8"?>
<!-- Generated by org.testng.reporters.JUnitReportReporter -->
<testsuite hostname="itsupport-Latitude-E5440" failures="0" tests="1" name="runner.TestRunner" time="35.697" errors="0" timestamp="2024-05-29T12:12:37 IST" skipped="0">
  <testcase classname="runner.TestRunner" name="testParallel" time="35.697"/>
  <system-out/>
</testsuite> <!-- runner.TestRunner -->
